<?xml version="1.0" encoding="UTF-8" ?>
<testsuite tests="3" failures="0" name="org.apache.commons.org.apache.commons.math3.distribution.UniformIntegerDistributionTest" time="0.018" errors="0" skipped="0">
  <properties>
[...]
</properties>
  <testcase classname="org.apache.commons.org.apache.commons.math3.distribution.UniformIntegerDistributionTest" name="cumulativeProbability1" time="0.018"/>
  <testcase classname="org.apache.commons.org.apache.commons.math3.distribution.UniformIntegerDistributionTest" name="cumulativeProbability2" time="0"/>
  <testcase classname="org.apache.commons.org.apache.commons.math3.distribution.UniformIntegerDistributionTest" name="cumulativeProbability3" time="0"/>
</testsuite>